labuser@labuser-NUC8i3BEH:~$ ./scripts/run1_open5gc.sh 
[sudo] password for labuser: 
Open5GS daemon v2.7.0-119-g581d255

07/29 20:17:33.208: [app] INFO: Configuration: '/home/labuser/open5gs/build/configs/sample.yaml' (../lib/app/ogs-init.c:130)
Open5GS daemon v2.7.0-119-g581d255

07/29 20:17:33.215: [app] INFO: Configuration: '/home/labuser/open5gs/build/configs/sample.yaml' (../lib/app/ogs-init.c:130)
07/29 20:17:33.216: [sbi] INFO: nghttp2_server() [http://127.0.0.10]:7777 (../lib/sbi/nghttp2-server.c:417)
07/29 20:17:33.216: [app] INFO: NRF initialize...done (../src/nrf/app.c:31)
Open5GS daemon v2.7.0-119-g581d255

07/29 20:17:33.265: [app] INFO: Configuration: '/home/labuser/open5gs/build/configs/sample.yaml' (../lib/app/ogs-init.c:130)
07/29 20:17:33.267: [sbi] INFO: nghttp2_server() [http://127.0.0.200]:7777 (../lib/sbi/nghttp2-server.c:417)
07/29 20:17:33.267: [app] INFO: SCP initialize...done (../src/scp/app.c:31)
07/29 20:17:33.267: [nrf] INFO: [888ca8be-4da4-41ef-8d88-e705c1251d95] NF registered [Heartbeat:10s] (../src/nrf/nf-sm.c:191)
07/29 20:17:33.267: [sbi] INFO: [888ca8be-4da4-41ef-8d88-e705c1251d95] NF registered [Heartbeat:10s] (../lib/sbi/nf-sm.c:223)
07/29 20:17:33.268: [nrf] INFO: [888cdaaa-4da4-41ef-a5f6-5d91267ca5a6] Subscription created until 2024-07-30T20:17:33.268255+08:00 [validity_duration:86400] (../src/nrf/nnrf-handler.c:448)
07/29 20:17:33.268: [nrf] INFO: [888ce414-4da4-41ef-a5f6-5d91267ca5a6] Subscription created until 2024-07-30T20:17:33.268489+08:00 [validity_duration:86400] (../src/nrf/nnrf-handler.c:448)
07/29 20:17:33.268: [nrf] INFO: [888ce914-4da4-41ef-a5f6-5d91267ca5a6] Subscription created until 2024-07-30T20:17:33.268615+08:00 [validity_duration:86400] (../src/nrf/nnrf-handler.c:448)
07/29 20:17:33.268: [nrf] INFO: [888cef04-4da4-41ef-a5f6-5d91267ca5a6] Subscription created until 2024-07-30T20:17:33.268768+08:00 [validity_duration:86400] (../src/nrf/nnrf-handler.c:448)
07/29 20:17:33.268: [sbi] INFO: [888cdaaa-4da4-41ef-a5f6-5d91267ca5a6] Subscription created until 2024-07-30T20:17:33.268255+08:00 [duration:86400,validity:86399.999348,patch:43199.999674] (../lib/sbi/nnrf-handler.c:818)
07/29 20:17:33.268: [sbi] INFO: [888ce414-4da4-41ef-a5f6-5d91267ca5a6] Subscription created until 2024-07-30T20:17:33.268489+08:00 [duration:86400,validity:86399.999551,patch:43199.999775] (../lib/sbi/nnrf-handler.c:818)
07/29 20:17:33.268: [nrf] INFO: [888cf6e8-4da4-41ef-a5f6-5d91267ca5a6] Subscription created until 2024-07-30T20:17:33.268970+08:00 [validity_duration:86400] (../src/nrf/nnrf-handler.c:448)
07/29 20:17:33.269: [sbi] INFO: [888ce914-4da4-41ef-a5f6-5d91267ca5a6] Subscription created until 2024-07-30T20:17:33.268615+08:00 [duration:86400,validity:86399.999480,patch:43199.999740] (../lib/sbi/nnrf-handler.c:818)
07/29 20:17:33.269: [nrf] INFO: [888cffa8-4da4-41ef-a5f6-5d91267ca5a6] Subscription created until 2024-07-30T20:17:33.269195+08:00 [validity_duration:86400] (../src/nrf/nnrf-handler.c:448)
07/29 20:17:33.269: [sbi] INFO: [888cef04-4da4-41ef-a5f6-5d91267ca5a6] Subscription created until 2024-07-30T20:17:33.268768+08:00 [duration:86400,validity:86399.999479,patch:43199.999739] (../lib/sbi/nnrf-handler.c:818)
07/29 20:17:33.269: [nrf] INFO: [888d07d2-4da4-41ef-a5f6-5d91267ca5a6] Subscription created until 2024-07-30T20:17:33.269402+08:00 [validity_duration:86400] (../src/nrf/nnrf-handler.c:448)
07/29 20:17:33.269: [sbi] INFO: [888cf6e8-4da4-41ef-a5f6-5d91267ca5a6] Subscription created until 2024-07-30T20:17:33.268970+08:00 [duration:86400,validity:86399.999454,patch:43199.999727] (../lib/sbi/nnrf-handler.c:818)
07/29 20:17:33.269: [nrf] INFO: [888d10d8-4da4-41ef-a5f6-5d91267ca5a6] Subscription created until 2024-07-30T20:17:33.269633+08:00 [validity_duration:86400] (../src/nrf/nnrf-handler.c:448)
07/29 20:17:33.269: [sbi] INFO: [888cffa8-4da4-41ef-a5f6-5d91267ca5a6] Subscription created until 2024-07-30T20:17:33.269195+08:00 [duration:86400,validity:86399.999474,patch:43199.999737] (../lib/sbi/nnrf-handler.c:818)
07/29 20:17:33.269: [nrf] INFO: [888d18da-4da4-41ef-a5f6-5d91267ca5a6] Subscription created until 2024-07-30T20:17:33.269838+08:00 [validity_duration:86400] (../src/nrf/nnrf-handler.c:448)
07/29 20:17:33.269: [sbi] INFO: [888d07d2-4da4-41ef-a5f6-5d91267ca5a6] Subscription created until 2024-07-30T20:17:33.269402+08:00 [duration:86400,validity:86399.999491,patch:43199.999745] (../lib/sbi/nnrf-handler.c:818)
07/29 20:17:33.270: [sbi] INFO: [888d10d8-4da4-41ef-a5f6-5d91267ca5a6] Subscription created until 2024-07-30T20:17:33.269633+08:00 [duration:86400,validity:86399.999599,patch:43199.999799] (../lib/sbi/nnrf-handler.c:818)
07/29 20:17:33.270: [sbi] INFO: [888d18da-4da4-41ef-a5f6-5d91267ca5a6] Subscription created until 2024-07-30T20:17:33.269838+08:00 [duration:86400,validity:86399.999710,patch:43199.999855] (../lib/sbi/nnrf-handler.c:818)
Open5GS daemon v2.7.0-119-g581d255

07/29 20:17:33.314: [app] INFO: Configuration: '/home/labuser/open5gs/build/configs/sample.yaml' (../lib/app/ogs-init.c:130)
Open5GS daemon v2.7.0-119-g581d255

07/29 20:17:33.376: [app] INFO: Configuration: '/home/labuser/open5gs/build/configs/sample.yaml' (../lib/app/ogs-init.c:130)
Open5GS daemon v2.7.0-119-g581d255

07/29 20:17:33.438: [app] INFO: Configuration: '/home/labuser/open5gs/build/configs/sample.yaml' (../lib/app/ogs-init.c:130)
07/29 20:17:33.456: [sbi] INFO: NF Service [namf-comm] (../lib/sbi/context.c:1841)
07/29 20:17:33.457: [sbi] INFO: nghttp2_server() [http://127.0.0.5]:7777 (../lib/sbi/nghttp2-server.c:417)
07/29 20:17:33.457: [amf] INFO: ngap_server() [127.0.0.5]:38412 (../src/amf/ngap-sctp.c:62)
07/29 20:17:33.457: [sctp] INFO: AMF initialize...done (../src/amf/app.c:33)
07/29 20:17:33.458: [nrf] INFO: [88a75e16-4da4-41ef-b52b-d5174c995e86] NF registered [Heartbeat:10s] (../src/nrf/nf-sm.c:191)
07/29 20:17:33.460: [sbi] INFO: (NRF-notify) NF registered [88a75e16-4da4-41ef-b52b-d5174c995e86:1] (../lib/sbi/nnrf-handler.c:1030)
07/29 20:17:33.460: [sbi] INFO: [AMF] (NRF-notify) NF Profile updated [88a75e16-4da4-41ef-b52b-d5174c995e86:1] (../lib/sbi/nnrf-handler.c:1046)
07/29 20:17:33.460: [sbi] INFO: [88a75e16-4da4-41ef-b52b-d5174c995e86] NF registered [Heartbeat:10s] (../lib/sbi/nf-sm.c:223)
07/29 20:17:33.462: [nrf] INFO: [88aa81d6-4da4-41ef-a5f6-5d91267ca5a6] Subscription created until 2024-07-30T20:17:33.462599+08:00 [validity_duration:86400] (../src/nrf/nnrf-handler.c:448)
07/29 20:17:33.462: [nrf] INFO: [88aa883e-4da4-41ef-a5f6-5d91267ca5a6] Subscription created until 2024-07-30T20:17:33.462753+08:00 [validity_duration:86400] (../src/nrf/nnrf-handler.c:448)
07/29 20:17:33.464: [nrf] INFO: [88aacd9e-4da4-41ef-a5f6-5d91267ca5a6] Subscription created until 2024-07-30T20:17:33.464534+08:00 [validity_duration:86400] (../src/nrf/nnrf-handler.c:448)
07/29 20:17:33.465: [sbi] INFO: [88aa883e-4da4-41ef-a5f6-5d91267ca5a6] Subscription created until 2024-07-30T20:17:33.462753+08:00 [duration:86400,validity:86399.997430,patch:43199.998715] (../lib/sbi/nnrf-handler.c:818)
07/29 20:17:33.465: [sbi] INFO: [88aa81d6-4da4-41ef-a5f6-5d91267ca5a6] Subscription created until 2024-07-30T20:17:33.462599+08:00 [duration:86400,validity:86399.997032,patch:43199.998516] (../lib/sbi/nnrf-handler.c:818)
07/29 20:17:33.465: [nrf] INFO: [88aaf4a4-4da4-41ef-a5f6-5d91267ca5a6] Subscription created until 2024-07-30T20:17:33.465533+08:00 [validity_duration:86400] (../src/nrf/nnrf-handler.c:448)
07/29 20:17:33.466: [sbi] INFO: [88aacd9e-4da4-41ef-a5f6-5d91267ca5a6] Subscription created until 2024-07-30T20:17:33.464534+08:00 [duration:86400,validity:86399.998446,patch:43199.999223] (../lib/sbi/nnrf-handler.c:818)
07/29 20:17:33.466: [sbi] INFO: [88aaf4a4-4da4-41ef-a5f6-5d91267ca5a6] Subscription created until 2024-07-30T20:17:33.465533+08:00 [duration:86400,validity:86399.998604,patch:43199.999302] (../lib/sbi/nnrf-handler.c:818)
07/29 20:17:33.467: [nrf] INFO: [88ab35b8-4da4-41ef-a5f6-5d91267ca5a6] Subscription created until 2024-07-30T20:17:33.467199+08:00 [validity_duration:86400] (../src/nrf/nnrf-handler.c:448)
07/29 20:17:33.467: [nrf] INFO: [88ab3b94-4da4-41ef-a5f6-5d91267ca5a6] Subscription created until 2024-07-30T20:17:33.467339+08:00 [validity_duration:86400] (../src/nrf/nnrf-handler.c:448)
07/29 20:17:33.468: [nrf] INFO: [88ab6916-4da4-41ef-a5f6-5d91267ca5a6] Subscription created until 2024-07-30T20:17:33.468510+08:00 [validity_duration:86400] (../src/nrf/nnrf-handler.c:448)
07/29 20:17:33.469: [sbi] INFO: [88ab35b8-4da4-41ef-a5f6-5d91267ca5a6] Subscription created until 2024-07-30T20:17:33.467199+08:00 [duration:86400,validity:86399.997244,patch:43199.998622] (../lib/sbi/nnrf-handler.c:818)
07/29 20:17:33.470: [sbi] INFO: [88ab3b94-4da4-41ef-a5f6-5d91267ca5a6] Subscription created until 2024-07-30T20:17:33.467339+08:00 [duration:86400,validity:86399.997254,patch:43199.998627] (../lib/sbi/nnrf-handler.c:818)
07/29 20:17:33.470: [sbi] INFO: [88ab6916-4da4-41ef-a5f6-5d91267ca5a6] Subscription created until 2024-07-30T20:17:33.468510+08:00 [duration:86400,validity:86399.998106,patch:43199.999053] (../lib/sbi/nnrf-handler.c:818)
Open5GS daemon v2.7.0-119-g581d255

07/29 20:17:33.488: [app] INFO: Configuration: '/home/labuser/open5gs/build/configs/sample.yaml' (../lib/app/ogs-init.c:130)
07/29 20:17:33.492: [sbi] INFO: NF Service [nausf-auth] (../lib/sbi/context.c:1841)
07/29 20:17:33.492: [sbi] INFO: nghttp2_server() [http://127.0.0.11]:7777 (../lib/sbi/nghttp2-server.c:417)
07/29 20:17:33.493: [app] INFO: AUSF initialize...done (../src/ausf/app.c:31)
07/29 20:17:33.494: [nrf] INFO: [88af01fc-4da4-41ef-9ef8-b73d6c64f127] NF registered [Heartbeat:10s] (../src/nrf/nf-sm.c:191)
07/29 20:17:33.494: [sbi] INFO: (NRF-notify) NF registered [88af01fc-4da4-41ef-9ef8-b73d6c64f127:1] (../lib/sbi/nnrf-handler.c:1030)
07/29 20:17:33.494: [sbi] INFO: [AUSF] (NRF-notify) NF Profile updated [88af01fc-4da4-41ef-9ef8-b73d6c64f127:1] (../lib/sbi/nnrf-handler.c:1046)
07/29 20:17:33.496: [sbi] INFO: (NRF-notify) NF registered [88af01fc-4da4-41ef-9ef8-b73d6c64f127:1] (../lib/sbi/nnrf-handler.c:1030)
07/29 20:17:33.496: [sbi] INFO: [AUSF] (NRF-notify) NF Profile updated [88af01fc-4da4-41ef-9ef8-b73d6c64f127:1] (../lib/sbi/nnrf-handler.c:1046)
07/29 20:17:33.496: [sbi] INFO: [88af01fc-4da4-41ef-9ef8-b73d6c64f127] NF registered [Heartbeat:10s] (../lib/sbi/nf-sm.c:223)
07/29 20:17:33.498: [nrf] INFO: [88aff076-4da4-41ef-a5f6-5d91267ca5a6] Subscription created until 2024-07-30T20:17:33.498199+08:00 [validity_duration:86400] (../src/nrf/nnrf-handler.c:448)
07/29 20:17:33.498: [nrf] INFO: [88aff6c0-4da4-41ef-a5f6-5d91267ca5a6] Subscription created until 2024-07-30T20:17:33.498351+08:00 [validity_duration:86400] (../src/nrf/nnrf-handler.c:448)
07/29 20:17:33.499: [sbi] INFO: [88aff076-4da4-41ef-a5f6-5d91267ca5a6] Subscription created until 2024-07-30T20:17:33.498199+08:00 [duration:86400,validity:86399.998732,patch:43199.999366] (../lib/sbi/nnrf-handler.c:818)
07/29 20:17:33.499: [sbi] INFO: [88aff6c0-4da4-41ef-a5f6-5d91267ca5a6] Subscription created until 2024-07-30T20:17:33.498351+08:00 [duration:86400,validity:86399.998502,patch:43199.999251] (../lib/sbi/nnrf-handler.c:818)
Open5GS daemon v2.7.0-119-g581d255

07/29 20:17:33.534: [app] INFO: Configuration: '/home/labuser/open5gs/build/configs/sample.yaml' (../lib/app/ogs-init.c:130)
07/29 20:17:33.539: [sbi] INFO: NF Service [nudm-ueau] (../lib/sbi/context.c:1841)
07/29 20:17:33.539: [sbi] INFO: NF Service [nudm-uecm] (../lib/sbi/context.c:1841)
07/29 20:17:33.539: [sbi] INFO: NF Service [nudm-sdm] (../lib/sbi/context.c:1841)
07/29 20:17:33.540: [sbi] INFO: nghttp2_server() [http://127.0.0.12]:7777 (../lib/sbi/nghttp2-server.c:417)
07/29 20:17:33.540: [app] INFO: UDM initialize...done (../src/udm/app.c:31)
07/29 20:17:33.541: [nrf] INFO: [88b61a5a-4da4-41ef-9f73-c9ddaec9aa7e] NF registered [Heartbeat:10s] (../src/nrf/nf-sm.c:191)
07/29 20:17:33.542: [sbi] INFO: (NRF-notify) NF registered [88b61a5a-4da4-41ef-9f73-c9ddaec9aa7e:1] (../lib/sbi/nnrf-handler.c:1030)
07/29 20:17:33.542: [sbi] INFO: [UDM] (NRF-notify) NF Profile updated [88b61a5a-4da4-41ef-9f73-c9ddaec9aa7e:1] (../lib/sbi/nnrf-handler.c:1046)
07/29 20:17:33.543: [sbi] INFO: (NRF-notify) NF registered [88b61a5a-4da4-41ef-9f73-c9ddaec9aa7e:1] (../lib/sbi/nnrf-handler.c:1030)
07/29 20:17:33.543: [sbi] INFO: [UDM] (NRF-notify) NF Profile updated [88b61a5a-4da4-41ef-9f73-c9ddaec9aa7e:1] (../lib/sbi/nnrf-handler.c:1046)
07/29 20:17:33.544: [sbi] WARNING: [UDM] (NRF-notify) NF has already been added [88b61a5a-4da4-41ef-9f73-c9ddaec9aa7e:1] (../lib/sbi/nnrf-handler.c:1035)
07/29 20:17:33.544: [sbi] INFO: [UDM] (NRF-notify) NF Profile updated [88b61a5a-4da4-41ef-9f73-c9ddaec9aa7e:1] (../lib/sbi/nnrf-handler.c:1046)
07/29 20:17:33.544: [sbi] WARNING: NF EndPoint(addr) updated [127.0.0.12:80] (../lib/sbi/context.c:2210)
07/29 20:17:33.544: [sbi] WARNING: NF EndPoint(addr) updated [127.0.0.12:7777] (../lib/sbi/context.c:1946)
07/29 20:17:33.544: [sbi] INFO: (NRF-notify) NF registered [88b61a5a-4da4-41ef-9f73-c9ddaec9aa7e:1] (../lib/sbi/nnrf-handler.c:1030)
07/29 20:17:33.544: [sbi] INFO: [UDM] (NRF-notify) NF Profile updated [88b61a5a-4da4-41ef-9f73-c9ddaec9aa7e:1] (../lib/sbi/nnrf-handler.c:1046)
07/29 20:17:33.546: [sbi] INFO: [88b61a5a-4da4-41ef-9f73-c9ddaec9aa7e] NF registered [Heartbeat:10s] (../lib/sbi/nf-sm.c:223)
07/29 20:17:33.547: [nrf] INFO: [88b76ec8-4da4-41ef-a5f6-5d91267ca5a6] Subscription created until 2024-07-30T20:17:33.547309+08:00 [validity_duration:86400] (../src/nrf/nnrf-handler.c:448)
07/29 20:17:33.548: [nrf] INFO: [88b797fe-4da4-41ef-a5f6-5d91267ca5a6] Subscription created until 2024-07-30T20:17:33.548359+08:00 [validity_duration:86400] (../src/nrf/nnrf-handler.c:448)
07/29 20:17:33.549: [sbi] INFO: [88b76ec8-4da4-41ef-a5f6-5d91267ca5a6] Subscription created until 2024-07-30T20:17:33.547309+08:00 [duration:86400,validity:86399.999076,patch:43199.999538] (../lib/sbi/nnrf-handler.c:818)
07/29 20:17:33.549: [sbi] INFO: [88b797fe-4da4-41ef-a5f6-5d91267ca5a6] Subscription created until 2024-07-30T20:17:33.548359+08:00 [duration:86400,validity:86399.999145,patch:43199.999572] (../lib/sbi/nnrf-handler.c:818)
Open5GS daemon v2.7.0-119-g581d255

07/29 20:17:33.590: [app] INFO: Configuration: '/home/labuser/open5gs/build/configs/sample.yaml' (../lib/app/ogs-init.c:130)
07/29 20:17:33.594: [dbi] INFO: MongoDB URI: 'mongodb://localhost/open5gs' (../lib/dbi/ogs-mongoc.c:130)
07/29 20:17:33.594: [sbi] INFO: NF Service [npcf-am-policy-control] (../lib/sbi/context.c:1841)
07/29 20:17:33.594: [sbi] INFO: NF Service [npcf-smpolicycontrol] (../lib/sbi/context.c:1841)
07/29 20:17:33.594: [sbi] INFO: NF Service [npcf-policyauthorization] (../lib/sbi/context.c:1841)
07/29 20:17:33.594: [sbi] INFO: nghttp2_server() [http://127.0.0.13]:7777 (../lib/sbi/nghttp2-server.c:417)
07/29 20:17:33.597: [pfcp] INFO: pfcp_server() [127.0.0.7]:8805 (../lib/pfcp/path.c:31)
07/29 20:17:33.597: [gtp] INFO: gtp_server() [127.0.0.7]:2152 (../lib/gtp/path.c:31)
07/29 20:17:33.598: [app] INFO: UPF initialize...done (../src/upf/app.c:31)
07/29 20:17:33.598: [app] INFO: PCF initialize...done (../src/pcf/app.c:31)
07/29 20:17:33.599: [nrf] INFO: [88be5d0a-4da4-41ef-8b9b-2971b99ff9cc] NF registered [Heartbeat:10s] (../src/nrf/nf-sm.c:191)
07/29 20:17:33.600: [sbi] INFO: (NRF-notify) NF registered [88be5d0a-4da4-41ef-8b9b-2971b99ff9cc:1] (../lib/sbi/nnrf-handler.c:1030)
07/29 20:17:33.600: [sbi] INFO: [PCF] (NRF-notify) NF Profile updated [88be5d0a-4da4-41ef-8b9b-2971b99ff9cc:1] (../lib/sbi/nnrf-handler.c:1046)
07/29 20:17:33.600: [sbi] INFO: (NRF-notify) NF registered [88be5d0a-4da4-41ef-8b9b-2971b99ff9cc:1] (../lib/sbi/nnrf-handler.c:1030)
07/29 20:17:33.600: [sbi] INFO: [PCF] (NRF-notify) NF Profile updated [88be5d0a-4da4-41ef-8b9b-2971b99ff9cc:1] (../lib/sbi/nnrf-handler.c:1046)
07/29 20:17:33.601: [sbi] INFO: [88be5d0a-4da4-41ef-8b9b-2971b99ff9cc] NF registered [Heartbeat:10s] (../lib/sbi/nf-sm.c:223)
07/29 20:17:33.602: [nrf] INFO: [88bfe06c-4da4-41ef-a5f6-5d91267ca5a6] Subscription created until 2024-07-30T20:17:33.602637+08:00 [validity_duration:86400] (../src/nrf/nnrf-handler.c:448)
07/29 20:17:33.603: [nrf] INFO: [88c0020e-4da4-41ef-a5f6-5d91267ca5a6] Subscription created until 2024-07-30T20:17:33.603498+08:00 [validity_duration:86400] (../src/nrf/nnrf-handler.c:448)
07/29 20:17:33.603: [sbi] INFO: [88bfe06c-4da4-41ef-a5f6-5d91267ca5a6] Subscription created until 2024-07-30T20:17:33.602637+08:00 [duration:86400,validity:86399.998844,patch:43199.999422] (../lib/sbi/nnrf-handler.c:818)
07/29 20:17:33.604: [nrf] INFO: [88c01802-4da4-41ef-a5f6-5d91267ca5a6] Subscription created until 2024-07-30T20:17:33.604058+08:00 [validity_duration:86400] (../src/nrf/nnrf-handler.c:448)
07/29 20:17:33.604: [sbi] INFO: [88c0020e-4da4-41ef-a5f6-5d91267ca5a6] Subscription created until 2024-07-30T20:17:33.603498+08:00 [duration:86400,validity:86399.999176,patch:43199.999588] (../lib/sbi/nnrf-handler.c:818)
07/29 20:17:33.604: [sbi] INFO: [88c01802-4da4-41ef-a5f6-5d91267ca5a6] Subscription created until 2024-07-30T20:17:33.604058+08:00 [duration:86400,validity:86399.999268,patch:43199.999634] (../lib/sbi/nnrf-handler.c:818)
Open5GS daemon v2.7.0-119-g581d255

07/29 20:17:33.646: [app] INFO: Configuration: '/home/labuser/open5gs/build/configs/sample.yaml' (../lib/app/ogs-init.c:130)
07/29 20:17:33.648: [sbi] INFO: NF Service [nnssf-nsselection] (../lib/sbi/context.c:1841)
07/29 20:17:33.648: [sbi] INFO: nghttp2_server() [http://127.0.0.14]:7777 (../lib/sbi/nghttp2-server.c:417)
07/29 20:17:33.649: [app] INFO: NSSF initialize...done (../src/nssf/app.c:31)
07/29 20:17:33.649: [nrf] INFO: [88c6e01a-4da4-41ef-b67b-e39bb4dd9564] NF registered [Heartbeat:10s] (../src/nrf/nf-sm.c:191)
07/29 20:17:33.649: [sbi] INFO: (NRF-notify) NF registered [88c6e01a-4da4-41ef-b67b-e39bb4dd9564:1] (../lib/sbi/nnrf-handler.c:1030)
07/29 20:17:33.649: [sbi] INFO: [NSSF] (NRF-notify) NF Profile updated [88c6e01a-4da4-41ef-b67b-e39bb4dd9564:1] (../lib/sbi/nnrf-handler.c:1046)
07/29 20:17:33.650: [sbi] INFO: (NRF-notify) NF registered [88c6e01a-4da4-41ef-b67b-e39bb4dd9564:1] (../lib/sbi/nnrf-handler.c:1030)
07/29 20:17:33.650: [sbi] INFO: [NSSF] (NRF-notify) NF Profile updated [88c6e01a-4da4-41ef-b67b-e39bb4dd9564:1] (../lib/sbi/nnrf-handler.c:1046)
07/29 20:17:33.650: [sbi] INFO: [88c6e01a-4da4-41ef-b67b-e39bb4dd9564] NF registered [Heartbeat:10s] (../lib/sbi/nf-sm.c:223)
07/29 20:17:33.650: [nrf] INFO: [88c736aa-4da4-41ef-a5f6-5d91267ca5a6] Subscription created until 2024-07-30T20:17:33.650718+08:00 [validity_duration:86400] (../src/nrf/nnrf-handler.c:448)
07/29 20:17:33.650: [sbi] INFO: [88c736aa-4da4-41ef-a5f6-5d91267ca5a6] Subscription created until 2024-07-30T20:17:33.650718+08:00 [duration:86400,validity:86399.999752,patch:43199.999876] (../lib/sbi/nnrf-handler.c:818)
Open5GS daemon v2.7.0-119-g581d255

07/29 20:17:33.673: [app] INFO: Configuration: '/home/labuser/open5gs/build/configs/sample.yaml' (../lib/app/ogs-init.c:130)
07/29 20:17:33.674: [sbi] INFO: NF Service [nbsf-management] (../lib/sbi/context.c:1841)
07/29 20:17:33.675: [sbi] INFO: nghttp2_server() [http://127.0.0.15]:7777 (../lib/sbi/nghttp2-server.c:417)
07/29 20:17:33.675: [app] INFO: BSF initialize...done (../src/bsf/app.c:31)
07/29 20:17:33.675: [nrf] INFO: [88cae598-4da4-41ef-be6f-45bace18401c] NF registered [Heartbeat:10s] (../src/nrf/nf-sm.c:191)
07/29 20:17:33.676: [sbi] INFO: (NRF-notify) NF registered [88cae598-4da4-41ef-be6f-45bace18401c:1] (../lib/sbi/nnrf-handler.c:1030)
07/29 20:17:33.676: [sbi] INFO: [BSF] (NRF-notify) NF Profile updated [88cae598-4da4-41ef-be6f-45bace18401c:1] (../lib/sbi/nnrf-handler.c:1046)
07/29 20:17:33.676: [sbi] INFO: (NRF-notify) NF registered [88cae598-4da4-41ef-be6f-45bace18401c:1] (../lib/sbi/nnrf-handler.c:1030)
07/29 20:17:33.676: [sbi] INFO: [BSF] (NRF-notify) NF Profile updated [88cae598-4da4-41ef-be6f-45bace18401c:1] (../lib/sbi/nnrf-handler.c:1046)
07/29 20:17:33.676: [sbi] INFO: [88cae598-4da4-41ef-be6f-45bace18401c] NF registered [Heartbeat:10s] (../lib/sbi/nf-sm.c:223)
07/29 20:17:33.677: [nrf] INFO: [88cb3b38-4da4-41ef-a5f6-5d91267ca5a6] Subscription created until 2024-07-30T20:17:33.677047+08:00 [validity_duration:86400] (../src/nrf/nnrf-handler.c:448)
07/29 20:17:33.677: [sbi] INFO: [88cb3b38-4da4-41ef-a5f6-5d91267ca5a6] Subscription created until 2024-07-30T20:17:33.677047+08:00 [duration:86400,validity:86399.999763,patch:43199.999881] (../lib/sbi/nnrf-handler.c:818)
07/29 20:17:33.687: [gtp] INFO: gtp_server() [127.0.0.4]:2123 (../lib/gtp/path.c:31)
07/29 20:17:33.687: [gtp] INFO: gtp_server() [127.0.0.4]:2152 (../lib/gtp/path.c:31)
07/29 20:17:33.687: [pfcp] INFO: pfcp_server() [127.0.0.4]:8805 (../lib/pfcp/path.c:31)
07/29 20:17:33.687: [pfcp] INFO: ogs_pfcp_connect() [127.0.0.7]:8805 (../lib/pfcp/path.c:62)
07/29 20:17:33.687: [sbi] INFO: NF Service [nsmf-pdusession] (../lib/sbi/context.c:1841)
07/29 20:17:33.687: [pfcp] INFO: ogs_pfcp_connect() [127.0.0.4]:8805 (../lib/pfcp/path.c:62)
07/29 20:17:33.687: [upf] INFO: PFCP associated [127.0.0.4]:8805 (../src/upf/pfcp-sm.c:186)
07/29 20:17:33.687: [sbi] INFO: nghttp2_server() [http://127.0.0.4]:7777 (../lib/sbi/nghttp2-server.c:417)
07/29 20:17:33.687: [app] INFO: SMF initialize...done (../src/smf/app.c:31)
07/29 20:17:33.687: [smf] INFO: PFCP associated [127.0.0.7]:8805 (../src/smf/pfcp-sm.c:205)
07/29 20:17:33.688: [nrf] INFO: [88c745fa-4da4-41ef-ade1-3974cd7e8847] NF registered [Heartbeat:10s] (../src/nrf/nf-sm.c:191)
07/29 20:17:33.688: [sbi] INFO: (NRF-notify) NF registered [88c745fa-4da4-41ef-ade1-3974cd7e8847:1] (../lib/sbi/nnrf-handler.c:1030)
07/29 20:17:33.688: [sbi] INFO: [SMF] (NRF-notify) NF Profile updated [88c745fa-4da4-41ef-ade1-3974cd7e8847:1] (../lib/sbi/nnrf-handler.c:1046)
07/29 20:17:33.688: [sbi] INFO: (NRF-notify) NF registered [88c745fa-4da4-41ef-ade1-3974cd7e8847:1] (../lib/sbi/nnrf-handler.c:1030)
07/29 20:17:33.688: [sbi] INFO: [SMF] (NRF-notify) NF Profile updated [88c745fa-4da4-41ef-ade1-3974cd7e8847:1] (../lib/sbi/nnrf-handler.c:1046)
07/29 20:17:33.688: [sbi] INFO: [88c745fa-4da4-41ef-ade1-3974cd7e8847] NF registered [Heartbeat:10s] (../lib/sbi/nf-sm.c:223)
07/29 20:17:33.689: [nrf] INFO: [88cd1688-4da4-41ef-a5f6-5d91267ca5a6] Subscription created until 2024-07-30T20:17:33.689216+08:00 [validity_duration:86400] (../src/nrf/nnrf-handler.c:448)
07/29 20:17:33.689: [nrf] INFO: [88cd1e6c-4da4-41ef-a5f6-5d91267ca5a6] Subscription created until 2024-07-30T20:17:33.689430+08:00 [validity_duration:86400] (../src/nrf/nnrf-handler.c:448)
07/29 20:17:33.689: [nrf] INFO: [88cd2844-4da4-41ef-a5f6-5d91267ca5a6] Subscription created until 2024-07-30T20:17:33.689664+08:00 [validity_duration:86400] (../src/nrf/nnrf-handler.c:448)
07/29 20:17:33.689: [sbi] INFO: [88cd1688-4da4-41ef-a5f6-5d91267ca5a6] Subscription created until 2024-07-30T20:17:33.689216+08:00 [duration:86400,validity:86399.999313,patch:43199.999656] (../lib/sbi/nnrf-handler.c:818)
07/29 20:17:33.689: [sbi] INFO: [88cd1e6c-4da4-41ef-a5f6-5d91267ca5a6] Subscription created until 2024-07-30T20:17:33.689430+08:00 [duration:86400,validity:86399.999450,patch:43199.999725] (../lib/sbi/nnrf-handler.c:818)
07/29 20:17:33.690: [sbi] INFO: [88cd2844-4da4-41ef-a5f6-5d91267ca5a6] Subscription created until 2024-07-30T20:17:33.689664+08:00 [duration:86400,validity:86399.999497,patch:43199.999748] (../lib/sbi/nnrf-handler.c:818)
07/29 20:17:33.690: [sbi] INFO: [88cd31c2-4da4-41ef-a5f6-5d91267ca5a6] Subscription created until 2024-07-30T20:17:33.689909+08:00 [duration:86400,validity:86399.999623,patch:43199.999811] (../lib/sbi/nnrf-handler.c:818)
07/29 20:17:33.689: [nrf] INFO: [88cd31c2-4da4-41ef-a5f6-5d91267ca5a6] Subscription created until 2024-07-30T20:17:33.689909+08:00 [validity_duration:86400] (../src/nrf/nnrf-handler.c:448)
07/29 20:17:33.689: [nrf] INFO: [88cd344c-4da4-41ef-a5f6-5d91267ca5a6] Subscription created until 2024-07-30T20:17:33.689974+08:00 [validity_duration:86400] (../src/nrf/nnrf-handler.c:448)
07/29 20:17:33.690: [sbi] INFO: [88cd344c-4da4-41ef-a5f6-5d91267ca5a6] Subscription created until 2024-07-30T20:17:33.689974+08:00 [duration:86400,validity:86399.999532,patch:43199.999766] (../lib/sbi/nnrf-handler.c:818)
Open5GS daemon v2.7.0-119-g581d255

07/29 20:17:33.726: [app] INFO: Configuration: '/home/labuser/open5gs/build/configs/sample.yaml' (../lib/app/ogs-init.c:130)
07/29 20:17:33.728: [dbi] INFO: MongoDB URI: 'mongodb://localhost/open5gs' (../lib/dbi/ogs-mongoc.c:130)
07/29 20:17:33.728: [sbi] INFO: NF Service [nudr-dr] (../lib/sbi/context.c:1841)
07/29 20:17:33.729: [sbi] INFO: nghttp2_server() [http://127.0.0.20]:7777 (../lib/sbi/nghttp2-server.c:417)
07/29 20:17:33.729: [app] INFO: UDR initialize...done (../src/udr/app.c:31)
07/29 20:17:33.729: [nrf] INFO: [88d2fbca-4da4-41ef-9576-39a120fd668d] NF registered [Heartbeat:10s] (../src/nrf/nf-sm.c:191)
07/29 20:17:33.729: [sbi] INFO: (NRF-notify) NF registered [88d2fbca-4da4-41ef-9576-39a120fd668d:1] (../lib/sbi/nnrf-handler.c:1030)
07/29 20:17:33.729: [sbi] INFO: [UDR] (NRF-notify) NF Profile updated [88d2fbca-4da4-41ef-9576-39a120fd668d:1] (../lib/sbi/nnrf-handler.c:1046)
07/29 20:17:33.730: [sbi] INFO: (NRF-notify) NF registered [88d2fbca-4da4-41ef-9576-39a120fd668d:1] (../lib/sbi/nnrf-handler.c:1030)
07/29 20:17:33.730: [sbi] INFO: [88d2fbca-4da4-41ef-9576-39a120fd668d] NF registered [Heartbeat:10s] (../lib/sbi/nf-sm.c:223)
07/29 20:17:33.730: [sbi] INFO: (NRF-notify) NF registered [88d2fbca-4da4-41ef-9576-39a120fd668d:1] (../lib/sbi/nnrf-handler.c:1030)
07/29 20:17:33.730: [sbi] INFO: [UDR] (NRF-notify) NF Profile updated [88d2fbca-4da4-41ef-9576-39a120fd668d:1] (../lib/sbi/nnrf-handler.c:1046)
07/29 20:17:33.730: [sbi] INFO: [UDR] (NRF-notify) NF Profile updated [88d2fbca-4da4-41ef-9576-39a120fd668d:1] (../lib/sbi/nnrf-handler.c:1046)
07/29 20:17:33.730: [nrf] INFO: [88d36c90-4da4-41ef-a5f6-5d91267ca5a6] Subscription created until 2024-07-30T20:17:33.730738+08:00 [validity_duration:86400] (../src/nrf/nnrf-handler.c:448)
07/29 20:17:33.730: [sbi] INFO: [88d36c90-4da4-41ef-a5f6-5d91267ca5a6] Subscription created until 2024-07-30T20:17:33.730738+08:00 [duration:86400,validity:86399.999808,patch:43199.999904] (../lib/sbi/nnrf-handler.c:818)
07/29 20:18:07.382: [app] INFO: Signal-NUM[28] received (Window changed) (../src/main.c:64)
07/29 20:18:07.382: [app] INFO: Signal-NUM[28] received (Window changed) (../src/main.c:64)
07/29 20:18:07.382: [app] INFO: Signal-NUM[28] received (Window changed) (../src/main.c:64)
07/29 20:18:07.382: [app] INFO: Signal-NUM[28] received (Window changed) (../src/main.c:64)
07/29 20:18:07.382: [app] INFO: Signal-NUM[28] received (Window changed) (../src/main.c:64)
07/29 20:18:07.382: [app] INFO: Signal-NUM[28] received (Window changed) (../src/main.c:64)
07/29 20:18:07.382: [app] INFO: Signal-NUM[28] received (Window changed) (../src/main.c:64)
07/29 20:18:07.382: [app] INFO: Signal-NUM[28] received (Window changed) (../src/main.c:64)
07/29 20:18:07.382: [app] INFO: Signal-NUM[28] received (Window changed) (../src/main.c:64)
07/29 20:18:07.382: [app] INFO: Signal-NUM[28] received (Window changed) (../src/main.c:64)
07/29 20:18:07.382: [app] INFO: Signal-NUM[28] received (Window changed) (../src/main.c:64)
07/29 20:18:07.382: [app] INFO: Signal-NUM[28] received (Window changed) (../src/main.c:64)
^C07/29 20:20:34.859: [app] INFO: SIGINT received (../src/main.c:54)
07/29 20:20:34.859: [app] INFO: Open5GS daemon terminating... (../src/main.c:226)
07/29 20:20:34.859: [sbi] INFO: [88d2fbca-4da4-41ef-9576-39a120fd668d] NF de-registered (../lib/sbi/nf-sm.c:249)
07/29 20:20:34.859: [app] INFO: SIGINT received (../src/main.c:54)
07/29 20:20:34.859: [app] INFO: Open5GS daemon terminating... (../src/main.c:226)
07/29 20:20:34.859: [app] INFO: SIGINT received (../src/main.c:54)
07/29 20:20:34.859: [app] INFO: Open5GS daemon terminating... (../src/main.c:226)
07/29 20:20:34.859: [sbi] INFO: [88cae598-4da4-41ef-be6f-45bace18401c] NF de-registered (../lib/sbi/nf-sm.c:249)
07/29 20:20:34.859: [app] INFO: SIGINT received (../src/main.c:54)
07/29 20:20:34.859: [app] INFO: Open5GS daemon terminating... (../src/main.c:226)
07/29 20:20:34.859: [sbi] INFO: [88af01fc-4da4-41ef-9ef8-b73d6c64f127] NF de-registered (../lib/sbi/nf-sm.c:249)
07/29 20:20:34.859: [sbi] INFO: [88b61a5a-4da4-41ef-9f73-c9ddaec9aa7e] NF de-registered (../lib/sbi/nf-sm.c:249)
07/29 20:20:34.859: [app] INFO: SIGINT received (../src/main.c:54)
07/29 20:20:34.859: [app] INFO: Open5GS daemon terminating... (../src/main.c:226)
07/29 20:20:34.859: [app] INFO: SIGINT received (../src/main.c:54)
07/29 20:20:34.859: [app] INFO: Open5GS daemon terminating... (../src/main.c:226)
07/29 20:20:34.859: [app] INFO: SIGINT received (../src/main.c:54)
07/29 20:20:34.859: [app] INFO: Open5GS daemon terminating... (../src/main.c:226)
07/29 20:20:34.859: [app] INFO: SIGINT received (../src/main.c:54)
07/29 20:20:34.859: [app] INFO: Open5GS daemon terminating... (../src/main.c:226)
07/29 20:20:34.859: [app] INFO: SIGINT received (../src/main.c:54)
07/29 20:20:34.859: [app] INFO: Open5GS daemon terminating... (../src/main.c:226)
07/29 20:20:34.859: [sbi] INFO: [88c6e01a-4da4-41ef-b67b-e39bb4dd9564] NF de-registered (../lib/sbi/nf-sm.c:249)
07/29 20:20:34.859: [sbi] INFO: [888ca8be-4da4-41ef-8d88-e705c1251d95] NF de-registered (../lib/sbi/nf-sm.c:249)
07/29 20:20:34.859: [app] INFO: SIGINT received (../src/main.c:54)
07/29 20:20:34.859: [app] INFO: Open5GS daemon terminating... (../src/main.c:226)
07/29 20:20:34.859: [sbi] INFO: [88be5d0a-4da4-41ef-8b9b-2971b99ff9cc] NF de-registered (../lib/sbi/nf-sm.c:249)
07/29 20:20:34.859: [app] INFO: SIGINT received (../src/main.c:54)
07/29 20:20:34.859: [app] INFO: Open5GS daemon terminating... (../src/main.c:226)
07/29 20:20:34.859: [sbi] INFO: [88a75e16-4da4-41ef-b52b-d5174c995e86] NF de-registered (../lib/sbi/nf-sm.c:249)
07/29 20:20:34.859: [app] INFO: SIGINT received (../src/main.c:54)
07/29 20:20:34.859: [app] INFO: Open5GS daemon terminating... (../src/main.c:226)
07/29 20:20:34.859: [sbi] ERROR: ogs_queue_push() failed:-4 (../lib/sbi/path.c:46)
07/29 20:20:34.859: [sbi] WARNING: server callback error (../lib/sbi/nghttp2-server.c:1173)
07/29 20:20:34.860: [sbi] WARNING: nghttp2_session_get_stream_remote_close() failed (../lib/sbi/nghttp2-server.c:550)
07/29 20:20:34.859: [sbi] INFO: [88c745fa-4da4-41ef-ade1-3974cd7e8847] NF de-registered (../lib/sbi/nf-sm.c:249)
07/29 20:20:34.860: [app] INFO: BSF terminate...done (../src/bsf/app.c:39)
07/29 20:20:34.860: [app] INFO: NSSF terminate...done (../src/nssf/app.c:39)
07/29 20:20:34.861: [upf] INFO: PFCP de-associated [127.0.0.4]:8805 (../src/upf/pfcp-sm.c:201)
07/29 20:20:34.861: [app] INFO: UDM terminate...done (../src/udm/app.c:39)
07/29 20:20:34.861: [app] INFO: AUSF terminate...done (../src/ausf/app.c:39)
07/29 20:20:34.862: [app] INFO: SCP terminate...done (../src/scp/app.c:39)
07/29 20:20:34.862: [sctp] INFO: AMF terminate...done (../src/amf/app.c:42)
07/29 20:20:34.862: [app] INFO: PCF terminate...done (../src/pcf/app.c:39)
07/29 20:20:34.863: [smf] INFO: PFCP de-associated [127.0.0.7]:8805 (../src/smf/pfcp-sm.c:220)
07/29 20:20:34.864: [app] INFO: UPF terminate...done (../src/upf/app.c:39)
07/29 20:20:34.863: [app] INFO: UDR terminate...done (../src/udr/app.c:39)
07/29 20:20:34.974: [app] INFO: SMF terminate...done (../src/smf/app.c:39)